Started GET "/" for 127.0.0.1 at 2018-09-30 19:31:18 -0300
Processing by Rails::WelcomeController#index as HTML
  Rendering /home/adriano/.rvm/gems/ruby-2.5.1/gems/railties-5.2.1/lib/rails/templates/rails/welcome/index.html.erb
  Rendered /home/adriano/.rvm/gems/ruby-2.5.1/gems/railties-5.2.1/lib/rails/templates/rails/welcome/index.html.erb (36.9ms)
Completed 200 OK in 181ms (Views: 143.2ms | ActiveRecord: 0.0ms)


Started GET "/" for 127.0.0.1 at 2018-09-30 19:34:19 -0300
  
ActiveRecord::PendingMigrationError (

Migrations are pending. To resolve this issue, run:

        bin/rails db:migrate RAILS_ENV=development

):
  
activerecord (5.2.1) lib/active_record/migration.rb:579:in `check_pending!'
activerecord (5.2.1) lib/active_record/migration.rb:556:in `call'
actionpack (5.2.1) lib/action_dispatch/middleware/callbacks.rb:28:in `block in call'
activesupport (5.2.1) lib/active_support/callbacks.rb:98:in `run_callbacks'
actionpack (5.2.1) lib/action_dispatch/middleware/callbacks.rb:26:in `call'
actionpack (5.2.1) lib/action_dispatch/middleware/executor.rb:14:in `call'
actionpack (5.2.1) lib/action_dispatch/middleware/debug_exceptions.rb:61:in `call'
web-console (3.7.0) lib/web_console/middleware.rb:135:in `call_app'
web-console (3.7.0) lib/web_console/middleware.rb:30:in `block in call'
web-console (3.7.0) lib/web_console/middleware.rb:20:in `catch'
web-console (3.7.0) lib/web_console/middleware.rb:20:in `call'
actionpack (5.2.1) lib/action_dispatch/middleware/show_exceptions.rb:33:in `call'
railties (5.2.1) lib/rails/rack/logger.rb:38:in `call_app'
railties (5.2.1) lib/rails/rack/logger.rb:26:in `block in call'
activesupport (5.2.1) lib/active_support/tagged_logging.rb:71:in `block in tagged'
activesupport (5.2.1) lib/active_support/tagged_logging.rb:28:in `tagged'
activesupport (5.2.1) lib/active_support/tagged_logging.rb:71:in `tagged'
railties (5.2.1) lib/rails/rack/logger.rb:26:in `call'
sprockets-rails (3.2.1) lib/sprockets/rails/quiet_assets.rb:13:in `call'
actionpack (5.2.1) lib/action_dispatch/middleware/remote_ip.rb:81:in `call'
actionpack (5.2.1) lib/action_dispatch/middleware/request_id.rb:27:in `call'
rack (2.0.5) lib/rack/method_override.rb:22:in `call'
rack (2.0.5) lib/rack/runtime.rb:22:in `call'
activesupport (5.2.1) lib/active_support/cache/strategy/local_cache_middleware.rb:29:in `call'
actionpack (5.2.1) lib/action_dispatch/middleware/executor.rb:14:in `call'
actionpack (5.2.1) lib/action_dispatch/middleware/static.rb:127:in `call'
rack (2.0.5) lib/rack/sendfile.rb:111:in `call'
railties (5.2.1) lib/rails/engine.rb:524:in `call'
puma (3.12.0) lib/puma/configuration.rb:225:in `call'
puma (3.12.0) lib/puma/server.rb:658:in `handle_request'
puma (3.12.0) lib/puma/server.rb:472:in `process_client'
puma (3.12.0) lib/puma/server.rb:332:in `block in run'
puma (3.12.0) lib/puma/thread_pool.rb:133:in `block in spawn_thread'
  [1m[35m (0.1ms)[0m  [1m[34mSELECT sqlite_version(*)[0m
  ↳ bin/rails:9
  [1m[35m (22.8ms)[0m  [1m[35mCREATE TABLE "schema_migrations" ("version" varchar NOT NULL PRIMARY KEY)[0m
  ↳ bin/rails:9
  [1m[35m (9.4ms)[0m  [1m[35mCREATE TABLE "ar_internal_metadata" ("key" varchar NOT NULL PRIMARY KEY, "value" varchar, "created_at" datetime NOT NULL, "updated_at" datetime NOT NULL)[0m
  ↳ bin/rails:9
  [1m[35m (0.4ms)[0m  [1m[34mSELECT "schema_migrations"."version" FROM "schema_migrations" ORDER BY "schema_migrations"."version" ASC[0m
  ↳ bin/rails:9
Migrating to CreateCategories (20180930223245)
  [1m[35m (0.1ms)[0m  [1m[36mbegin transaction[0m
  ↳ bin/rails:9
  [1m[35m (1.0ms)[0m  [1m[35mCREATE TABLE "categories" ("id" integer PRIMARY KEY AUTOINCREMENT NOT NULL, "name" varchar, "description" varchar, "created_at" datetime NOT NULL, "updated_at" datetime NOT NULL)[0m
  ↳ db/migrate/20180930223245_create_categories.rb:3
  [1m[36mActiveRecord::SchemaMigration Create (0.4ms)[0m  [1m[32mINSERT INTO "schema_migrations" ("version") VALUES (?)[0m  [["version", "20180930223245"]]
  ↳ bin/rails:9
  [1m[35m (47.0ms)[0m  [1m[36mcommit transaction[0m
  ↳ bin/rails:9
Migrating to CreateProducts (20180930223307)
  [1m[35m (0.1ms)[0m  [1m[36mbegin transaction[0m
  ↳ bin/rails:9
  [1m[35m (1.6ms)[0m  [1m[35mCREATE TABLE "products" ("id" integer PRIMARY KEY AUTOINCREMENT NOT NULL, "name" varchar, "description" varchar, "category_id" integer, "created_at" datetime NOT NULL, "updated_at" datetime NOT NULL, CONSTRAINT "fk_rails_fb915499a4"
FOREIGN KEY ("category_id")
  REFERENCES "categories" ("id")
)[0m
  ↳ db/migrate/20180930223307_create_products.rb:3
  [1m[35m (0.5ms)[0m  [1m[35mCREATE  INDEX "index_products_on_category_id" ON "products" ("category_id")[0m
  ↳ db/migrate/20180930223307_create_products.rb:3
  [1m[36mActiveRecord::SchemaMigration Create (0.4ms)[0m  [1m[32mINSERT INTO "schema_migrations" ("version") VALUES (?)[0m  [["version", "20180930223307"]]
  ↳ bin/rails:9
  [1m[35m (6.1ms)[0m  [1m[36mcommit transaction[0m
  ↳ bin/rails:9
  [1m[36mActiveRecord::InternalMetadata Load (0.5ms)[0m  [1m[34mSELECT  "ar_internal_metadata".* FROM "ar_internal_metadata" WHERE "ar_internal_metadata"."key" = ? LIMIT ?[0m  [["key", "environment"], ["LIMIT", 1]]
  ↳ bin/rails:9
  [1m[35m (0.1ms)[0m  [1m[36mbegin transaction[0m
  ↳ bin/rails:9
  [1m[36mActiveRecord::InternalMetadata Create (1.6ms)[0m  [1m[32mINSERT INTO "ar_internal_metadata" ("key", "value", "created_at", "updated_at") VALUES (?, ?, ?, ?)[0m  [["key", "environment"], ["value", "development"], ["created_at", "2018-09-30 22:34:45.755520"], ["updated_at", "2018-09-30 22:34:45.755520"]]
  ↳ bin/rails:9
  [1m[35m (4.1ms)[0m  [1m[36mcommit transaction[0m
  ↳ bin/rails:9
  [1m[35m (0.5ms)[0m  [1m[34mSELECT "schema_migrations"."version" FROM "schema_migrations" ORDER BY "schema_migrations"."version" ASC[0m
  ↳ bin/rails:9
Started GET "/" for 127.0.0.1 at 2018-09-30 19:34:53 -0300
  [1m[35m (0.7ms)[0m  [1m[34mSELECT "schema_migrations"."version" FROM "schema_migrations" ORDER BY "schema_migrations"."version" ASC[0m
  ↳ /home/adriano/.rvm/gems/ruby-2.5.1/gems/activerecord-5.2.1/lib/active_record/log_subscriber.rb:98
Processing by HomeController#index as HTML
  Rendering home/index.html.erb within layouts/application
  Rendered home/index.html.erb within layouts/application (1.3ms)
Completed 500 Internal Server Error in 9137ms (ActiveRecord: 0.0ms)


  
ActionView::Template::Error (Autoprefixer doesn’t support Node v4.2.6. Update it.):
     5:     <%= csrf_meta_tags %>
     6:     <%= csp_meta_tag %>
     7: 
     8:     <%= stylesheet_link_tag    'application', media: 'all', 'data-turbolinks-track': 'reload' %>
     9:     <%= javascript_include_tag 'application', 'data-turbolinks-track': 'reload' %>
    10:   </head>
    11: 
  
app/views/layouts/application.html.erb:8:in `_app_views_layouts_application_html_erb__332735540__626956948'
Started GET "/" for 127.0.0.1 at 2018-09-30 19:40:13 -0300
  [1m[35m (0.4ms)[0m  [1m[34mSELECT "schema_migrations"."version" FROM "schema_migrations" ORDER BY "schema_migrations"."version" ASC[0m
  ↳ /home/adriano/.rvm/gems/ruby-2.5.1/gems/activerecord-5.2.1/lib/active_record/log_subscriber.rb:98
Processing by HomeController#index as HTML
  Rendering home/index.html.erb within layouts/application
  Rendered home/index.html.erb within layouts/application (1.7ms)
Completed 200 OK in 20035ms (Views: 20020.1ms | ActiveRecord: 0.0ms)


Started GET "/" for 127.0.0.1 at 2018-09-30 19:43:32 -0300
Processing by HomeController#index as HTML
  Rendering home/index.html.erb within layouts/application
  Rendered home/index.html.erb within layouts/application (5.0ms)
Completed 200 OK in 212ms (Views: 207.2ms | ActiveRecord: 0.0ms)


Started GET "/categories" for 127.0.0.1 at 2018-09-30 19:44:26 -0300
Processing by CategoriesController#index as HTML
Completed 500 Internal Server Error in 83ms (ActiveRecord: 0.0ms)


  
NoMethodError (undefined method `ransack' for #<Class:0x0c407e44>):
  
app/controllers/categories_controller.rb:7:in `index'
Started GET "/" for 127.0.0.1 at 2018-09-30 19:46:16 -0300
  [1m[35m (0.4ms)[0m  [1m[34mSELECT "schema_migrations"."version" FROM "schema_migrations" ORDER BY "schema_migrations"."version" ASC[0m
  ↳ /home/adriano/.rvm/gems/ruby-2.5.1/gems/activerecord-5.2.1/lib/active_record/log_subscriber.rb:98
Processing by HomeController#index as HTML
  Rendering home/index.html.erb within layouts/application
  Rendered home/index.html.erb within layouts/application (3.7ms)
Completed 200 OK in 1179ms (Views: 1155.7ms | ActiveRecord: 0.0ms)


Started GET "/categories" for 127.0.0.1 at 2018-09-30 19:46:28 -0300
Processing by CategoriesController#index as HTML
  Rendering categories/index.html.erb within layouts/application
  [1m[36mCategory Load (0.5ms)[0m  [1m[34mSELECT "categories".* FROM "categories"[0m
  ↳ app/views/categories/index.html.erb:26
  Rendered categories/index.html.erb within layouts/application (1138.8ms)
Completed 500 Internal Server Error in 1178ms (ActiveRecord: 1.9ms)


  
ActionView::Template::Error (undefined local variable or method `home_path' for #<#<Class:0xb6662720>:0xb6661a14>
Did you mean?  home_index_path):
    38:   <br>
    39: 
    40:     <button type="button" class="btn btn-primary"><%= link_to 'New Category', new_category_path, class: "btn" %></button>
    41:     <button type="button" class="btn btn-dark"><%= link_to 'Back', home_path, class: "btn" %></button>
    42: </div>
  
app/views/categories/index.html.erb:41:in `_app_views_categories_index_html_erb___38656105__617409118'
Started GET "/categories" for 127.0.0.1 at 2018-09-30 19:47:26 -0300
Processing by CategoriesController#index as HTML
  Rendering categories/index.html.erb within layouts/application
  [1m[36mCategory Load (0.5ms)[0m  [1m[34mSELECT "categories".* FROM "categories"[0m
  ↳ app/views/categories/index.html.erb:26
  Rendered categories/index.html.erb within layouts/application (27.0ms)
Completed 200 OK in 252ms (Views: 217.9ms | ActiveRecord: 18.0ms)


Started GET "/categories?utf8=%E2%9C%93&q%5Bname_cont%5D=&commit=Buscar" for 127.0.0.1 at 2018-09-30 19:47:46 -0300
Processing by CategoriesController#index as HTML
  Parameters: {"utf8"=>"✓", "q"=>{"name_cont"=>""}, "commit"=>"Buscar"}
  Rendering categories/index.html.erb within layouts/application
  [1m[36mCategory Load (0.4ms)[0m  [1m[34mSELECT "categories".* FROM "categories"[0m
  ↳ app/views/categories/index.html.erb:26
  Rendered categories/index.html.erb within layouts/application (4.7ms)
Completed 200 OK in 183ms (Views: 179.9ms | ActiveRecord: 0.4ms)


Started GET "/" for 127.0.0.1 at 2018-09-30 19:48:00 -0300
Processing by HomeController#index as HTML
  Rendering home/index.html.erb within layouts/application
  Rendered home/index.html.erb within layouts/application (1.8ms)
Completed 200 OK in 203ms (Views: 199.6ms | ActiveRecord: 0.0ms)


Started GET "/rails/info/routes" for 127.0.0.1 at 2018-09-30 19:49:25 -0300
Processing by Rails::InfoController#routes as HTML
  Rendering /home/adriano/.rvm/gems/ruby-2.5.1/gems/railties-5.2.1/lib/rails/templates/rails/info/routes.html.erb within layouts/application
  Rendered collection of /home/adriano/.rvm/gems/ruby-2.5.1/gems/actionpack-5.2.1/lib/action_dispatch/middleware/templates/routes/_route.html.erb [23 times] (74.4ms)
  Rendered /home/adriano/.rvm/gems/ruby-2.5.1/gems/actionpack-5.2.1/lib/action_dispatch/middleware/templates/routes/_table.html.erb (4.8ms)
  Rendered /home/adriano/.rvm/gems/ruby-2.5.1/gems/railties-5.2.1/lib/rails/templates/rails/info/routes.html.erb within layouts/application (112.6ms)
Completed 200 OK in 139ms (Views: 123.7ms | ActiveRecord: 0.0ms)


Started GET "/rails/info/routes?path=catego" for 127.0.0.1 at 2018-09-30 19:49:34 -0300
Processing by Rails::InfoController#routes as */*
  Parameters: {"path"=>"catego"}
Completed 200 OK in 5ms (Views: 0.6ms | ActiveRecord: 0.0ms)


Started GET "/" for 127.0.0.1 at 2018-09-30 19:50:34 -0300
Processing by HomeController#index as HTML
  Rendering home/index.html.erb within layouts/application
  Rendered home/index.html.erb within layouts/application (5.3ms)
Completed 200 OK in 197ms (Views: 195.6ms | ActiveRecord: 0.0ms)


Started GET "/categories" for 127.0.0.1 at 2018-09-30 19:50:55 -0300
Processing by CategoriesController#index as HTML
  Rendering categories/index.html.erb within layouts/application
  [1m[36mCategory Load (0.7ms)[0m  [1m[34mSELECT "categories".* FROM "categories"[0m
  ↳ app/views/categories/index.html.erb:26
  Rendered categories/index.html.erb within layouts/application (5.9ms)
Completed 200 OK in 178ms (Views: 174.3ms | ActiveRecord: 0.7ms)


Started GET "/categories?utf8=%E2%9C%93&q%5Bname_cont%5D=&commit=Buscar" for 127.0.0.1 at 2018-09-30 19:51:03 -0300
Processing by CategoriesController#index as HTML
  Parameters: {"utf8"=>"✓", "q"=>{"name_cont"=>""}, "commit"=>"Buscar"}
  Rendering categories/index.html.erb within layouts/application
  [1m[36mCategory Load (2.0ms)[0m  [1m[34mSELECT "categories".* FROM "categories"[0m
  ↳ app/views/categories/index.html.erb:26
  Rendered categories/index.html.erb within layouts/application (12.5ms)
Completed 200 OK in 186ms (Views: 176.5ms | ActiveRecord: 2.0ms)


Started GET "/" for 127.0.0.1 at 2018-09-30 19:52:05 -0300
Processing by HomeController#index as HTML
  Rendering home/index.html.erb within layouts/application
  Rendered home/index.html.erb within layouts/application (2.3ms)
Completed 200 OK in 193ms (Views: 185.6ms | ActiveRecord: 0.0ms)


Started GET "/" for 127.0.0.1 at 2018-09-30 19:52:38 -0300
Processing by HomeController#index as HTML
  Rendering home/index.html.erb within layouts/application
  Rendered home/index.html.erb within layouts/application (1.3ms)
Completed 200 OK in 139ms (Views: 137.3ms | ActiveRecord: 0.0ms)


Started GET "/categories" for 127.0.0.1 at 2018-09-30 19:52:42 -0300
Processing by CategoriesController#index as HTML
  Rendering categories/index.html.erb within layouts/application
  [1m[36mCategory Load (0.5ms)[0m  [1m[34mSELECT "categories".* FROM "categories"[0m
  ↳ app/views/categories/index.html.erb:26
  Rendered categories/index.html.erb within layouts/application (33.1ms)
Completed 200 OK in 202ms (Views: 198.6ms | ActiveRecord: 0.5ms)


Started GET "/categories" for 127.0.0.1 at 2018-09-30 19:53:48 -0300
Processing by CategoriesController#index as HTML
  Rendering categories/index.html.erb within layouts/application
  [1m[36mCategory Load (0.4ms)[0m  [1m[34mSELECT "categories".* FROM "categories"[0m
  ↳ app/views/categories/index.html.erb:26
  Rendered categories/index.html.erb within layouts/application (7.6ms)
Completed 200 OK in 172ms (Views: 168.7ms | ActiveRecord: 0.4ms)


Started GET "/" for 127.0.0.1 at 2018-09-30 19:53:56 -0300
Processing by HomeController#index as HTML
  Rendering home/index.html.erb within layouts/application
  Rendered home/index.html.erb within layouts/application (8.5ms)
Completed 200 OK in 188ms (Views: 177.6ms | ActiveRecord: 0.0ms)


Started GET "/categories/edit" for 127.0.0.1 at 2018-09-30 19:55:29 -0300
Processing by CategoriesController#show as HTML
  Parameters: {"id"=>"edit"}
  [1m[36mCategory Load (1.2ms)[0m  [1m[34mSELECT  "categories".* FROM "categories" WHERE "categories"."id" = ? LIMIT ?[0m  [["id", 0], ["LIMIT", 1]]
  ↳ app/controllers/categories_controller.rb:69
Completed 404 Not Found in 39ms (ActiveRecord: 8.0ms)


  
ActiveRecord::RecordNotFound (Couldn't find Category with 'id'=edit):
  
app/controllers/categories_controller.rb:69:in `set_category'
Started GET "/categories" for 127.0.0.1 at 2018-09-30 19:55:37 -0300
Processing by CategoriesController#index as HTML
  Rendering categories/index.html.erb within layouts/application
  [1m[36mCategory Load (0.7ms)[0m  [1m[34mSELECT "categories".* FROM "categories"[0m
  ↳ app/views/categories/index.html.erb:26
  Rendered categories/index.html.erb within layouts/application (4.8ms)
Completed 200 OK in 207ms (Views: 204.3ms | ActiveRecord: 0.7ms)


Started GET "/categories" for 127.0.0.1 at 2018-09-30 19:56:22 -0300
Processing by CategoriesController#index as HTML
  Rendering categories/index.html.erb within layouts/application
  [1m[36mCategory Load (0.6ms)[0m  [1m[34mSELECT "categories".* FROM "categories"[0m
  ↳ app/views/categories/index.html.erb:26
  Rendered categories/index.html.erb within layouts/application (7.8ms)
Completed 200 OK in 189ms (Views: 186.4ms | ActiveRecord: 0.6ms)


Started GET "/home" for 127.0.0.1 at 2018-09-30 19:56:27 -0300
Processing by HomeController#index as HTML
  Rendering home/index.html.erb within layouts/application
  Rendered home/index.html.erb within layouts/application (1.2ms)
Completed 200 OK in 198ms (Views: 195.9ms | ActiveRecord: 0.0ms)


Started GET "/categories" for 127.0.0.1 at 2018-09-30 19:56:28 -0300
Processing by CategoriesController#index as HTML
  Rendering categories/index.html.erb within layouts/application
  [1m[36mCategory Load (6.7ms)[0m  [1m[34mSELECT "categories".* FROM "categories"[0m
  ↳ app/views/categories/index.html.erb:26
  Rendered categories/index.html.erb within layouts/application (10.2ms)
Completed 200 OK in 207ms (Views: 198.9ms | ActiveRecord: 6.7ms)


Started GET "/categories/new" for 127.0.0.1 at 2018-09-30 19:56:31 -0300
Processing by CategoriesController#new as HTML
  Rendering categories/new.html.erb within layouts/application
  Rendered categories/_form.html.erb (274.3ms)
  Rendered categories/new.html.erb within layouts/application (279.9ms)
Completed 200 OK in 422ms (Views: 408.5ms | ActiveRecord: 0.6ms)


Started GET "/categories/new" for 127.0.0.1 at 2018-09-30 19:57:11 -0300
Processing by CategoriesController#new as HTML
  Rendering categories/new.html.erb within layouts/application
  Rendered categories/_form.html.erb (12.2ms)
  Rendered categories/new.html.erb within layouts/application (14.8ms)
Completed 200 OK in 164ms (Views: 159.6ms | ActiveRecord: 0.0ms)


Started GET "/categories/new" for 127.0.0.1 at 2018-09-30 19:58:41 -0300
Processing by CategoriesController#new as HTML
  Rendering categories/new.html.erb within layouts/application
  Rendered categories/_form.html.erb (15.3ms)
  Rendered categories/new.html.erb within layouts/application (20.5ms)
Completed 200 OK in 198ms (Views: 195.7ms | ActiveRecord: 0.0ms)


Started GET "/categories" for 127.0.0.1 at 2018-09-30 19:58:44 -0300
Processing by CategoriesController#index as HTML
  Rendering categories/index.html.erb within layouts/application
  [1m[36mCategory Load (0.7ms)[0m  [1m[34mSELECT "categories".* FROM "categories"[0m
  ↳ app/views/categories/index.html.erb:26
  Rendered categories/index.html.erb within layouts/application (19.4ms)
Completed 200 OK in 307ms (Views: 303.4ms | ActiveRecord: 0.7ms)


Started GET "/home" for 127.0.0.1 at 2018-09-30 19:58:47 -0300
Processing by HomeController#index as HTML
  Rendering home/index.html.erb within layouts/application
  Rendered home/index.html.erb within layouts/application (1.7ms)
Completed 200 OK in 213ms (Views: 210.2ms | ActiveRecord: 0.0ms)


Started GET "/products" for 127.0.0.1 at 2018-09-30 19:58:49 -0300
Processing by ProductsController#index as HTML
  Rendering products/index.html.erb within layouts/application
  [1m[36mProduct Load (0.5ms)[0m  [1m[34mSELECT "products".* FROM "products"[0m
  ↳ app/views/products/index.html.erb:26
  Rendered products/index.html.erb within layouts/application (12.1ms)
Completed 200 OK in 161ms (Views: 119.0ms | ActiveRecord: 1.8ms)


Started GET "/products" for 127.0.0.1 at 2018-09-30 20:01:30 -0300
Processing by ProductsController#index as HTML
  Rendering products/index.html.erb within layouts/application
  [1m[36mProduct Load (0.9ms)[0m  [1m[34mSELECT "products".* FROM "products"[0m
  ↳ app/views/products/index.html.erb:26
  Rendered products/index.html.erb within layouts/application (8.1ms)
Completed 200 OK in 120ms (Views: 114.2ms | ActiveRecord: 0.9ms)


Started GET "/products/new" for 127.0.0.1 at 2018-09-30 20:01:34 -0300
Processing by ProductsController#new as HTML
  Rendering products/new.html.erb within layouts/application
  Rendered products/_form.html.erb (3.9ms)
  Rendered products/new.html.erb within layouts/application (7.7ms)
Completed 500 Internal Server Error in 48ms (ActiveRecord: 2.5ms)


  
SyntaxError (/home/adriano/Projetos/appgservices/app/views/products/_form.html.erb:30: syntax error, unexpected tLABEL, expecting '='
...er.append=( form.submit, class:"btn btn-info" );@output_buff...
...                         ^~~~~~):
  
app/views/products/_form.html.erb:30: syntax error, unexpected tLABEL, expecting '='
app/views/products/new.html.erb:3:in `_app_views_products_new_html_erb__889901780__646185098'
Started GET "/products/new" for 127.0.0.1 at 2018-09-30 20:01:55 -0300
Processing by ProductsController#new as HTML
  Rendering products/new.html.erb within layouts/application
  Rendered products/_form.html.erb (1.7ms)
  Rendered products/new.html.erb within layouts/application (12.8ms)
Completed 500 Internal Server Error in 19ms (ActiveRecord: 0.0ms)


  
SyntaxError (/home/adriano/Projetos/appgservices/app/views/products/_form.html.erb:30: syntax error, unexpected '='
...er.append=( form.submit, class="btn btn-info" );@output_buff...
...                              ^):
  
app/views/products/_form.html.erb:30: syntax error, unexpected '='
app/views/products/new.html.erb:3:in `_app_views_products_new_html_erb__889901780__652905068'
Started GET "/products/new" for 127.0.0.1 at 2018-09-30 20:02:07 -0300
Processing by ProductsController#new as HTML
  Rendering products/new.html.erb within layouts/application
  [1m[36mCategory Load (2.6ms)[0m  [1m[34mSELECT "categories".* FROM "categories"[0m
  ↳ app/views/products/_form.html.erb:26
  Rendered products/_form.html.erb (52.3ms)
  Rendered products/new.html.erb within layouts/application (54.1ms)
Completed 200 OK in 205ms (Views: 200.3ms | ActiveRecord: 2.6ms)


Started GET "/products" for 127.0.0.1 at 2018-09-30 20:02:20 -0300
Processing by ProductsController#index as HTML
  Rendering products/index.html.erb within layouts/application
  [1m[36mProduct Load (0.5ms)[0m  [1m[34mSELECT "products".* FROM "products"[0m
  ↳ app/views/products/index.html.erb:26
  Rendered products/index.html.erb within layouts/application (19.6ms)
Completed 200 OK in 202ms (Views: 197.4ms | ActiveRecord: 0.5ms)


Started GET "/home" for 127.0.0.1 at 2018-09-30 20:02:22 -0300
Processing by HomeController#index as HTML
  Rendering home/index.html.erb within layouts/application
  Rendered home/index.html.erb within layouts/application (1.3ms)
Completed 200 OK in 122ms (Views: 120.5ms | ActiveRecord: 0.0ms)


Started GET "/categories" for 127.0.0.1 at 2018-09-30 20:02:23 -0300
Processing by CategoriesController#index as HTML
  Rendering categories/index.html.erb within layouts/application
  [1m[36mCategory Load (0.5ms)[0m  [1m[34mSELECT "categories".* FROM "categories"[0m
  ↳ app/views/categories/index.html.erb:26
  Rendered categories/index.html.erb within layouts/application (9.1ms)
Completed 200 OK in 152ms (Views: 149.9ms | ActiveRecord: 0.5ms)


Started GET "/categories/new" for 127.0.0.1 at 2018-09-30 20:02:25 -0300
Processing by CategoriesController#new as HTML
  Rendering categories/new.html.erb within layouts/application
  Rendered categories/_form.html.erb (5.4ms)
  Rendered categories/new.html.erb within layouts/application (9.3ms)
Completed 200 OK in 179ms (Views: 174.3ms | ActiveRecord: 0.0ms)


Started GET "/categories" for 127.0.0.1 at 2018-09-30 20:02:27 -0300
Processing by CategoriesController#index as HTML
  Rendering categories/index.html.erb within layouts/application
  [1m[36mCategory Load (0.6ms)[0m  [1m[34mSELECT "categories".* FROM "categories"[0m
  ↳ app/views/categories/index.html.erb:26
  Rendered categories/index.html.erb within layouts/application (31.0ms)
Completed 200 OK in 217ms (Views: 214.2ms | ActiveRecord: 0.6ms)


Started GET "/categories" for 127.0.0.1 at 2018-09-30 20:03:21 -0300
Processing by CategoriesController#index as HTML
  Rendering categories/index.html.erb within layouts/application
  [1m[36mCategory Load (0.4ms)[0m  [1m[34mSELECT "categories".* FROM "categories"[0m
  ↳ app/views/categories/index.html.erb:26
  Rendered categories/index.html.erb within layouts/application (5.8ms)
Completed 200 OK in 12651ms (Views: 12648.6ms | ActiveRecord: 0.4ms)


Started GET "/home" for 127.0.0.1 at 2018-09-30 20:03:48 -0300
Processing by HomeController#index as HTML
  Rendering home/index.html.erb within layouts/application
  Rendered home/index.html.erb within layouts/application (2.0ms)
Completed 200 OK in 156ms (Views: 154.0ms | ActiveRecord: 0.0ms)


Started GET "/categories" for 127.0.0.1 at 2018-09-30 20:03:50 -0300
Processing by CategoriesController#index as HTML
  Rendering categories/index.html.erb within layouts/application
  [1m[36mCategory Load (0.4ms)[0m  [1m[34mSELECT "categories".* FROM "categories"[0m
  ↳ app/views/categories/index.html.erb:26
  Rendered categories/index.html.erb within layouts/application (7.0ms)
Completed 200 OK in 152ms (Views: 148.8ms | ActiveRecord: 0.4ms)


Started GET "/home" for 127.0.0.1 at 2018-09-30 20:03:52 -0300
Processing by HomeController#index as HTML
  Rendering home/index.html.erb within layouts/application
  Rendered home/index.html.erb within layouts/application (1.0ms)
Completed 200 OK in 183ms (Views: 181.2ms | ActiveRecord: 0.0ms)


Started GET "/products" for 127.0.0.1 at 2018-09-30 20:03:53 -0300
Processing by ProductsController#index as HTML
  Rendering products/index.html.erb within layouts/application
  [1m[36mProduct Load (0.6ms)[0m  [1m[34mSELECT "products".* FROM "products"[0m
  ↳ app/views/products/index.html.erb:26
  Rendered products/index.html.erb within layouts/application (10.5ms)
Completed 200 OK in 193ms (Views: 188.8ms | ActiveRecord: 0.6ms)


Started GET "/home" for 127.0.0.1 at 2018-09-30 20:04:22 -0300
Processing by HomeController#index as HTML
  Rendering home/index.html.erb within layouts/application
  Rendered home/index.html.erb within layouts/application (1.7ms)
Completed 200 OK in 135ms (Views: 129.7ms | ActiveRecord: 0.0ms)


Started GET "/categories" for 127.0.0.1 at 2018-09-30 20:04:27 -0300
Processing by CategoriesController#index as HTML
  Rendering categories/index.html.erb within layouts/application
  [1m[36mCategory Load (1.6ms)[0m  [1m[34mSELECT "categories".* FROM "categories"[0m
  ↳ app/views/categories/index.html.erb:26
  Rendered categories/index.html.erb within layouts/application (11.6ms)
Completed 200 OK in 164ms (Views: 159.4ms | ActiveRecord: 1.6ms)


Started GET "/categories/new" for 127.0.0.1 at 2018-09-30 20:04:30 -0300
Processing by CategoriesController#new as HTML
  Rendering categories/new.html.erb within layouts/application
  Rendered categories/_form.html.erb (3.5ms)
  Rendered categories/new.html.erb within layouts/application (6.4ms)
Completed 200 OK in 157ms (Views: 155.3ms | ActiveRecord: 0.0ms)


Started POST "/categories" for 127.0.0.1 at 2018-09-30 20:04:55 -0300
Processing by CategoriesController#create as HTML
  Parameters: {"utf8"=>"✓", "authenticity_token"=>"Jy5ByEphvDC8wJvrAbmnpkMFP0WqF6U8PEAMUXi5GfYlSwB6dDwnbHZj5LoDA5pbO4u2RH6hVWBSN6ki6U6tuQ==", "category"=>{"name"=>"Inverno 2018", "description"=>"Inverno 2018 é uma categoria..."}, "commit"=>"Create Category"}
  [1m[35m (0.2ms)[0m  [1m[36mbegin transaction[0m
  ↳ app/controllers/categories_controller.rb:32
  [1m[36mCategory Create (8.5ms)[0m  [1m[32mINSERT INTO "categories" ("name", "description", "created_at", "updated_at") VALUES (?, ?, ?, ?)[0m  [["name", "Inverno 2018"], ["description", "Inverno 2018 é uma categoria..."], ["created_at", "2018-09-30 23:04:55.097686"], ["updated_at", "2018-09-30 23:04:55.097686"]]
  ↳ app/controllers/categories_controller.rb:32
  [1m[35m (15.1ms)[0m  [1m[36mcommit transaction[0m
  ↳ app/controllers/categories_controller.rb:32
Redirected to http://localhost:3000/categories/1
Completed 302 Found in 38ms (ActiveRecord: 23.8ms)


Started GET "/categories/1" for 127.0.0.1 at 2018-09-30 20:04:55 -0300
Processing by CategoriesController#show as HTML
  Parameters: {"id"=>"1"}
  [1m[36mCategory Load (0.4ms)[0m  [1m[34mSELECT  "categories".* FROM "categories" WHERE "categories"."id" = ? LIMIT ?[0m  [["id", 1], ["LIMIT", 1]]
  ↳ app/controllers/categories_controller.rb:69
  Rendering categories/show.html.erb within layouts/application
  Rendered categories/show.html.erb within layouts/application (1.7ms)
Completed 200 OK in 168ms (Views: 136.7ms | ActiveRecord: 0.4ms)


Started GET "/categories" for 127.0.0.1 at 2018-09-30 20:04:58 -0300
Processing by CategoriesController#index as HTML
  Rendering categories/index.html.erb within layouts/application
  [1m[36mCategory Load (0.4ms)[0m  [1m[34mSELECT "categories".* FROM "categories"[0m
  ↳ app/views/categories/index.html.erb:26
  Rendered categories/index.html.erb within layouts/application (7.2ms)
Completed 200 OK in 165ms (Views: 162.4ms | ActiveRecord: 0.4ms)


Started GET "/home" for 127.0.0.1 at 2018-09-30 20:05:00 -0300
Processing by HomeController#index as HTML
  Rendering home/index.html.erb within layouts/application
  Rendered home/index.html.erb within layouts/application (13.9ms)
Completed 200 OK in 194ms (Views: 190.5ms | ActiveRecord: 0.0ms)


Started GET "/products" for 127.0.0.1 at 2018-09-30 20:05:01 -0300
Processing by ProductsController#index as HTML
  Rendering products/index.html.erb within layouts/application
  [1m[36mProduct Load (0.4ms)[0m  [1m[34mSELECT "products".* FROM "products"[0m
  ↳ app/views/products/index.html.erb:26
  Rendered products/index.html.erb within layouts/application (8.6ms)
Completed 200 OK in 200ms (Views: 197.1ms | ActiveRecord: 0.4ms)


Started GET "/products/new" for 127.0.0.1 at 2018-09-30 20:05:04 -0300
Processing by ProductsController#new as HTML
  Rendering products/new.html.erb within layouts/application
  [1m[36mCategory Load (0.6ms)[0m  [1m[34mSELECT "categories".* FROM "categories"[0m
  ↳ app/views/products/_form.html.erb:26
  Rendered products/_form.html.erb (7.8ms)
  Rendered products/new.html.erb within layouts/application (9.8ms)
Completed 200 OK in 122ms (Views: 119.9ms | ActiveRecord: 0.6ms)


Started POST "/products" for 127.0.0.1 at 2018-09-30 20:05:31 -0300
Processing by ProductsController#create as HTML
  Parameters: {"utf8"=>"✓", "authenticity_token"=>"I9PgoRdW5tZ6PnAOEf4czj4Nfopyiwyjd2av+FWQcDB4D8J8/0haws2RoMlhgbL3pUSF28tM1TVxRA9rnHnB0A==", "product"=>{"name"=>"", "description"=>"", "category_id"=>"1"}, "commit"=>"Create Product"}
  [1m[35m (0.4ms)[0m  [1m[36mbegin transaction[0m
  ↳ app/controllers/products_controller.rb:34
  [1m[36mCategory Load (0.4ms)[0m  [1m[34mSELECT  "categories".* FROM "categories" WHERE "categories"."id" = ? LIMIT ?[0m  [["id", 1], ["LIMIT", 1]]
  ↳ app/controllers/products_controller.rb:34
  [1m[36mProduct Create (3.4ms)[0m  [1m[32mINSERT INTO "products" ("name", "description", "category_id", "created_at", "updated_at") VALUES (?, ?, ?, ?, ?)[0m  [["name", ""], ["description", ""], ["category_id", 1], ["created_at", "2018-09-30 23:05:31.951948"], ["updated_at", "2018-09-30 23:05:31.951948"]]
  ↳ app/controllers/products_controller.rb:34
  [1m[35m (23.8ms)[0m  [1m[36mcommit transaction[0m
  ↳ app/controllers/products_controller.rb:34
Redirected to http://localhost:3000/products/1
Completed 302 Found in 124ms (ActiveRecord: 28.1ms)


Started GET "/products/1" for 127.0.0.1 at 2018-09-30 20:05:32 -0300
Processing by ProductsController#show as HTML
  Parameters: {"id"=>"1"}
  [1m[36mProduct Load (0.6ms)[0m  [1m[34mSELECT  "products".* FROM "products" WHERE "products"."id" = ? LIMIT ?[0m  [["id", 1], ["LIMIT", 1]]
  ↳ app/controllers/products_controller.rb:76
  Rendering products/show.html.erb within layouts/application
  [1m[36mCategory Load (0.4ms)[0m  [1m[34mSELECT  "categories".* FROM "categories" WHERE "categories"."id" = ? LIMIT ?[0m  [["id", 1], ["LIMIT", 1]]
  ↳ app/views/products/show.html.erb:7
  Rendered products/show.html.erb within layouts/application (2.9ms)
Completed 200 OK in 159ms (Views: 150.8ms | ActiveRecord: 1.0ms)


Started GET "/products" for 127.0.0.1 at 2018-09-30 20:05:35 -0300
Processing by ProductsController#index as HTML
  Rendering products/index.html.erb within layouts/application
  [1m[36mProduct Load (0.4ms)[0m  [1m[34mSELECT "products".* FROM "products"[0m
  ↳ app/views/products/index.html.erb:26
  [1m[36mCategory Load (0.3ms)[0m  [1m[34mSELECT  "categories".* FROM "categories" WHERE "categories"."id" = ? LIMIT ?[0m  [["id", 1], ["LIMIT", 1]]
  ↳ app/views/products/index.html.erb:28
  Rendered products/index.html.erb within layouts/application (9.2ms)
Completed 200 OK in 132ms (Views: 129.9ms | ActiveRecord: 0.7ms)


Started GET "/products/1" for 127.0.0.1 at 2018-09-30 20:05:42 -0300
Processing by ProductsController#show as HTML
  Parameters: {"id"=>"1"}
  [1m[36mProduct Load (0.4ms)[0m  [1m[34mSELECT  "products".* FROM "products" WHERE "products"."id" = ? LIMIT ?[0m  [["id", 1], ["LIMIT", 1]]
  ↳ app/controllers/products_controller.rb:76
  Rendering products/show.html.erb within layouts/application
  [1m[36mCategory Load (0.7ms)[0m  [1m[34mSELECT  "categories".* FROM "categories" WHERE "categories"."id" = ? LIMIT ?[0m  [["id", 1], ["LIMIT", 1]]
  ↳ app/views/products/show.html.erb:7
  Rendered products/show.html.erb within layouts/application (6.9ms)
Completed 200 OK in 180ms (Views: 175.7ms | ActiveRecord: 1.1ms)


